#
# There is insufficient memory for the Java Runtime Environment to continue.
# Native memory allocation (malloc) failed to allocate 1048576 bytes for AllocateHeap
# Possible reasons:
#   The system is out of physical RAM or swap space
#   In 32 bit mode, the process size limit was hit
# Possible solutions:
#   Reduce memory load on the system
#   Increase physical memory or swap space
#   Check if swap backing store is full
#   Use 64 bit Java on a 64 bit OS
#   Decrease Java heap size (-Xmx/-Xms)
#   Decrease number of Java threads
#   Decrease Java thread stack sizes (-Xss)
#   Set larger code cache with -XX:ReservedCodeCacheSize=
# This output file may be truncated or incomplete.
#
#  Out of Memory Error (memory/allocation.inline.hpp:61), pid=4260, tid=0x00000000000030cc
#
# JRE version:  (8.0_111-b14) (build )
# Java VM: Java HotSpot(TM) 64-Bit Server VM (25.111-b14 mixed mode windows-amd64 compressed oops)
# Failed to write core dump. Minidumps are not enabled by default on client versions of Windows
#

---------------  T H R E A D  ---------------

Current thread (0x0000000002180800):  JavaThread "Unknown thread" [_thread_in_vm, id=12492, stack(0x0000000002000000,0x0000000002100000)]

Stack: [0x0000000002000000,0x0000000002100000]
[error occurred during error reporting (printing stack bounds), id 0xc0000005]

Native frames: (J=compiled Java code, j=interpreted, Vv=VM code, C=native code)


---------------  P R O C E S S  ---------------

Java Threads: ( => current thread )

Other Threads:

=>0x0000000002180800 (exited) JavaThread "Unknown thread" [_thread_in_vm, id=12492, stack(0x0000000002000000,0x0000000002100000)]

VM state:not at safepoint (normal execution)

VM Mutex/Monitor currently owned by a thread: None

Heap:
 PSYoungGen      total 38400K, used 665K [0x00000000d5e00000, 0x00000000d8880000, 0x0000000100000000)
  eden space 33280K, 2% used [0x00000000d5e00000,0x00000000d5ea6670,0x00000000d7e80000)
  from space 5120K, 0% used [0x00000000d8380000,0x00000000d8380000,0x00000000d8880000)
  to   space 5120K, 0% used [0x00000000d7e80000,0x00000000d7e80000,0x00000000d8380000)
 ParOldGen       total 87552K, used 0K [0x0000000081a00000, 0x0000000086f80000, 0x00000000d5e00000)
  object space 87552K, 0% used [0x0000000081a00000,0x0000000081a00000,0x0000000086f80000)
 Metaspace       used 746K, capacity 4480K, committed 4480K, reserved 1056768K
  class space    used 75K, capacity 384K, committed 384K, reserved 1048576K

Card table byte_map: [0x0000000011730000,0x0000000011b30000] byte_map_base: 0x0000000011323000

Marking Bits: (ParMarkBitMap*) 0x000000005984a6c0
 Begin Bits: [0x00000000121e0000, 0x0000000014178000)
 End Bits:   [0x0000000014178000, 0x0000000016110000)

Polling page: 0x0000000002100000

CodeCache: size=245760Kb used=328Kb max_used=328Kb free=245431Kb
 bounds [0x0000000002370000, 0x00000000025e0000, 0x0000000011370000]
 total_blobs=58 nmethods=0 adapters=38
 compilation: enabled

Compilation events (0 events):
No events

GC Heap History (0 events):
No events

Deoptimization events (0 events):
No events

Internal exceptions (0 events):
No events

Events (10 events):
Event: 0.026 loading class java/lang/Short
Event: 0.027 loading class java/lang/Short done
Event: 0.027 loading class java/lang/Integer
Event: 0.027 loading class java/lang/Integer done
Event: 0.027 loading class java/lang/Long
Event: 0.027 loading class java/lang/Long done
Event: 0.027 loading class java/lang/NullPointerException
Event: 0.027 loading class java/lang/NullPointerException done
Event: 0.027 loading class java/lang/ArithmeticException
Event: 0.027 loading class java/lang/ArithmeticException done


Dynamic libraries:
0x00007ff7825c0000 - 0x00007ff7825f7000 	C:\Program Files\Java\jre1.8.0_111\bin\javaw.exe
0x00007ffef5eb0000 - 0x00007ffef6081000 	C:\WINDOWS\SYSTEM32\ntdll.dll
0x00007ffef5390000 - 0x00007ffef543b000 	C:\WINDOWS\System32\KERNEL32.DLL
0x00007ffef2830000 - 0x00007ffef2a4d000 	C:\WINDOWS\System32\KERNELBASE.dll
0x00007ffef3b60000 - 0x00007ffef3c02000 	C:\WINDOWS\System32\ADVAPI32.dll
0x00007ffef3440000 - 0x00007ffef34de000 	C:\WINDOWS\System32\msvcrt.dll
0x00007ffef5b70000 - 0x00007ffef5bc9000 	C:\WINDOWS\System32\sechost.dll
0x00007ffef5790000 - 0x00007ffef58b1000 	C:\WINDOWS\System32\RPCRT4.dll
0x00007ffef5510000 - 0x00007ffef5675000 	C:\WINDOWS\System32\USER32.dll
0x00007ffef3420000 - 0x00007ffef343e000 	C:\WINDOWS\System32\win32u.dll
0x00007ffef5350000 - 0x00007ffef5384000 	C:\WINDOWS\System32\GDI32.dll
0x00007ffef31e0000 - 0x00007ffef3362000 	C:\WINDOWS\System32\gdi32full.dll
0x00007ffeec660000 - 0x00007ffeec8d9000 	C:\WINDOWS\WinSxS\amd64_microsoft.windows.common-controls_6595b64144ccf1df_6.0.14393.447_none_42191651c6827bb3\COMCTL32.dll
0x00007ffef5be0000 - 0x00007ffef5ea7000 	C:\WINDOWS\System32\combase.dll
0x00007ffef23a0000 - 0x00007ffef2495000 	C:\WINDOWS\System32\ucrtbase.dll
0x00007ffef2760000 - 0x00007ffef27ca000 	C:\WINDOWS\System32\bcryptPrimitives.dll
0x00007ffef5a80000 - 0x00007ffef5aae000 	C:\WINDOWS\System32\IMM32.DLL
0x0000000059de0000 - 0x0000000059eb2000 	C:\Program Files\Java\jre1.8.0_111\bin\msvcr100.dll
0x0000000059030000 - 0x00000000598ca000 	C:\Program Files\Java\jre1.8.0_111\bin\server\jvm.dll
0x00007ffef5bd0000 - 0x00007ffef5bd8000 	C:\WINDOWS\System32\PSAPI.DLL
0x00007ffee59f0000 - 0x00007ffee59f9000 	C:\WINDOWS\SYSTEM32\WSOCK32.dll
0x00007ffef5440000 - 0x00007ffef54aa000 	C:\WINDOWS\System32\WS2_32.dll
0x00007ffeefdb0000 - 0x00007ffeefdd3000 	C:\WINDOWS\SYSTEM32\WINMM.dll
0x00007ffeef2f0000 - 0x00007ffeef2fa000 	C:\WINDOWS\SYSTEM32\VERSION.dll
0x00007ffeefd60000 - 0x00007ffeefd8b000 	C:\WINDOWS\SYSTEM32\WINMMBASE.dll
0x00007ffef2710000 - 0x00007ffef2752000 	C:\WINDOWS\System32\cfgmgr32.dll
0x0000000059020000 - 0x000000005902f000 	C:\Program Files\Java\jre1.8.0_111\bin\verify.dll
0x0000000058ff0000 - 0x0000000059019000 	C:\Program Files\Java\jre1.8.0_111\bin\java.dll
0x0000000058fd0000 - 0x0000000058fe6000 	C:\Program Files\Java\jre1.8.0_111\bin\zip.dll

VM Arguments:
jvm_args: -Dfile.encoding=Cp1252 
java_command: com.gcit.LMS1
java_class_path (initial): A:\JAVA\sts workspace\LibraryManagementSystem\bin;A:\JAVA\mysql-connector-java-5.1.39.jar
Launcher Type: SUN_STANDARD

Environment Variables:
JAVA_HOME=C:\Program Files\Java\jdk1.8.0_65
PATH=C:/Program Files/Java/jre1.8.0_111/bin/server;C:/Program Files/Java/jre1.8.0_111/bin;C:/Program Files/Java/jre1.8.0_111/lib/amd64;C:\ProgramData\Oracle\Java\javapath;C:\Program Files\Java\jdk1.8.0_65\bin;G:\database\bin;A:\app\oracle\product\11.2.0\server\bin;C:\Program Files (x86)\Lenovo\FusionEngine;C:\Program Files (x86)\Intel\iCLS Client\;C:\Program Files\Intel\iCLS Client\;C:\Program Files (x86)\NVIDIA Corporation\PhysX\Common;C:\WINDOWS\system32;C:\WINDOWS;C:\WINDOWS\System32\Wbem;C:\WINDOWS\System32\WindowsPowerShell\v1.0\;C:\Program Files\Intel\Intel(R) Management Engine Components\DAL;C:\Program Files\Intel\Intel(R) Management Engine Components\IPT;C:\Program Files (x86)\Intel\Intel(R) Management Engine Components\DAL;C:\Program Files (x86)\Intel\Intel(R) Management Engine Components\IPT;C:\Program Files (x86)\Common Files\lenovo\easyplussdk\bin;C:\Program Files (x86)\Skype\Phone\;C:\Program Files\Java\jdk1.8.0_111\bin;A:\JAVA\spring-tool-suite-3.8.2.RELEASE-e4.6.1-win32-x86_64\sts-bundle\sts-3.8.2.RELEASE;
USERNAME=aneesh
OS=Windows_NT
PROCESSOR_IDENTIFIER=Intel64 Family 6 Model 69 Stepping 1, GenuineIntel



---------------  S Y S T E M  ---------------

OS: Windows 10.0 , 64 bit Build 14393 (10.0.14393.0)

CPU:total 4 (2 cores per cpu, 2 threads per core) family 6 model 69 stepping 1, cmov, cx8, fxsr, mmx, sse, sse2, sse3, ssse3, sse4.1, sse4.2, popcnt, avx, avx2, aes, clmul, erms, lzcnt, ht, tsc, tscinvbit, bmi1, bmi2

Memory: 4k page, physical 8278296k(2212028k free), swap 33444120k(6844k free)

vm_info: Java HotSpot(TM) 64-Bit Server VM (25.111-b14) for windows-amd64 JRE (1.8.0_111-b14), built on Sep 22 2016 19:24:05 by "java_re" with MS VC++ 10.0 (VS2010)

time: Sun Dec 11 21:11:32 2016
elapsed time: 0 seconds (0d 0h 0m 0s)

